<?xml version="1.0" encoding="UTF-8"?>
<testsuite name="NotesTest" tests="4" skipped="0" failures="0" errors="0" timestamp="2021-01-11T00:21:45" hostname="LEIGHWEST-PC" time="0.003">
  <properties/>
  <testcase name="testGetTitle" classname="NotesTest" time="0.001"/>
  <testcase name="testGetId" classname="NotesTest" time="0.0"/>
  <testcase name="testGetBody_isEmptyOnInitialisation" classname="NotesTest" time="0.0"/>
  <testcase name="testGetDateCreated" classname="NotesTest" time="0.0"/>
  <system-out><![CDATA[]]></system-out>
  <system-err><![CDATA[]]></system-err>
</testsuite>
